#
# There is insufficient memory for the Java Runtime Environment to continue.
# Native memory allocation (mmap) failed to map 57671680 bytes for committing reserved memory.
# Possible reasons:
#   The system is out of physical RAM or swap space
#   The process is running with CompressedOops enabled, and the Java Heap may be blocking the growth of the native heap
# Possible solutions:
#   Reduce memory load on the system
#   Increase physical memory or swap space
#   Check if swap backing store is full
#   Decrease Java heap size (-Xmx/-Xms)
#   Decrease number of Java threads
#   Decrease Java thread stack sizes (-Xss)
#   Set larger code cache with -XX:ReservedCodeCacheSize=
#   JVM is running with Unscaled Compressed Oops mode in which the Java heap is
#     placed in the first 4GB address space. The Java Heap base address is the
#     maximum limit for the native heap growth. Please use -XX:HeapBaseMinAddress
#     to set the Java Heap base and to place the Java Heap above 4GB virtual address.
# This output file may be truncated or incomplete.
#
#  Out of Memory Error (os_linux.cpp:2749), pid=2121, tid=0x00007f3ce79f9700
#
# JRE version: Java(TM) SE Runtime Environment (8.0_261-b12) (build 1.8.0_261-b12)
# Java VM: Java HotSpot(TM) 64-Bit Server VM (25.261-b12 mixed mode linux-amd64 compressed oops)
# Failed to write core dump. Core dumps have been disabled. To enable core dumping, try "ulimit -c unlimited" before starting Java again
#

---------------  T H R E A D  ---------------

Current thread (0x00007f3cfc07a000):  VMThread [stack: 0x00007f3ce78fa000,0x00007f3ce79fa000] [id=2139]

Stack: [0x00007f3ce78fa000,0x00007f3ce79fa000],  sp=0x00007f3ce79f83a0,  free space=1016k
Native frames: (J=compiled Java code, j=interpreted, Vv=VM code, C=native code)
V  [libjvm.so+0xadd805]  VMError::report_and_die()+0x2e5
V  [libjvm.so+0x4e2a47]  report_vm_out_of_memory(char const*, int, unsigned long, VMErrorType, char const*)+0x67
V  [libjvm.so+0x9176e0]  os::pd_commit_memory(char*, unsigned long, unsigned long, bool)+0x100
V  [libjvm.so+0x90ed0f]  os::commit_memory(char*, unsigned long, unsigned long, bool)+0x1f
V  [libjvm.so+0x993ce6]  PSVirtualSpace::expand_by(unsigned long)+0x56
V  [libjvm.so+0x982fbb]  PSOldGen::expand_by(unsigned long) [clone .part.28]+0x1b
V  [libjvm.so+0x983178]  PSOldGen::expand(unsigned long) [clone .part.29]+0xa8
V  [libjvm.so+0x983d21]  PSOldGen::resize(unsigned long)+0xe1
V  [libjvm.so+0x989e5c]  PSParallelCompact::invoke_no_policy(bool) [clone .part.118]+0xa2c
V  [libjvm.so+0x98a16e]  PSParallelCompact::invoke(bool)+0x7e
V  [libjvm.so+0x45ece3]  CollectedHeap::collect_as_vm_thread(GCCause::Cause)+0x153
V  [libjvm.so+0xade891]  VM_CollectForMetadataAllocation::doit()+0x161
V  [libjvm.so+0xae45a6]  VM_Operation::evaluate()+0x46
V  [libjvm.so+0xae28dd]  VMThread::evaluate_operation(VM_Operation*) [clone .constprop.44]+0xcd
V  [libjvm.so+0xae2ec3]  VMThread::loop()+0x3a3
V  [libjvm.so+0xae3298]  VMThread::run()+0x78
V  [libjvm.so+0x914d12]  java_start(Thread*)+0x102

VM_Operation (0x00007f3d0598c6f0): CollectForMetadataAllocation, mode: safepoint, requested by thread 0x00007f3cfc00f800


---------------  P R O C E S S  ---------------

Java Threads: ( => current thread )
  0x00007f3cfd3ca000 JavaThread "NonBlockingInputStreamThread" daemon [_thread_blocked, id=2158, stack(0x00007f3ce4d98000,0x00007f3ce4e99000)]
  0x00007f3cfd0f4800 JavaThread "process reaper" daemon [_thread_blocked, id=2150, stack(0x00007f3ce4e99000,0x00007f3ce4ed2000)]
  0x00007f3cfc0c2800 JavaThread "Service Thread" daemon [_thread_blocked, id=2145, stack(0x00007f3ce7015000,0x00007f3ce7116000)]
  0x00007f3cfc0bf800 JavaThread "C1 CompilerThread1" daemon [_thread_blocked, id=2144, stack(0x00007f3ce7117000,0x00007f3ce7217000)]
  0x00007f3cfc0bd000 JavaThread "C2 CompilerThread0" daemon [_thread_blocked, id=2143, stack(0x00007f3ce7218000,0x00007f3ce7318000)]
  0x00007f3cfc0bb000 JavaThread "Signal Dispatcher" daemon [_thread_blocked, id=2142, stack(0x00007f3ce7318000,0x00007f3ce7419000)]
  0x00007f3cfc088000 JavaThread "Finalizer" daemon [_thread_blocked, id=2141, stack(0x00007f3ce76f7000,0x00007f3ce77f8000)]
  0x00007f3cfc083800 JavaThread "Reference Handler" daemon [_thread_blocked, id=2140, stack(0x00007f3ce77f8000,0x00007f3ce78f9000)]
  0x00007f3cfc00f800 JavaThread "main" [_thread_blocked, id=2136, stack(0x00007f3d0589e000,0x00007f3d0599e000)]

Other Threads:
=>0x00007f3cfc07a000 VMThread [stack: 0x00007f3ce78fa000,0x00007f3ce79fa000] [id=2139]
  0x00007f3cfc0c5800 WatcherThread [stack: 0x00007f3ce6f15000,0x00007f3ce7015000] [id=2146]

VM state:at safepoint (normal execution)

VM Mutex/Monitor currently owned by a thread:  ([mutex/lock_event])
[0x00007f3cfc00bbf0] ExpandHeap_lock - owner thread: 0x00007f3cfc07a000
[0x00007f3cfc00c270] Threads_lock - owner thread: 0x00007f3cfc07a000
[0x00007f3cfc00c770] Heap_lock - owner thread: 0x00007f3cfc00f800

heap address: 0x00000000c0000000, size: 1024 MB, Compressed Oops mode: 32-bit
Narrow klass base: 0x0000000000000000, Narrow klass shift: 3
Compressed class space size: 1073741824 Address: 0x0000000100000000

Heap:
 PSYoungGen      total 189440K, used 0K [0x00000000eab00000, 0x00000000f8f80000, 0x0000000100000000)
  eden space 144384K, 0% used [0x00000000eab00000,0x00000000eab00000,0x00000000f3800000)
  from space 45056K, 0% used [0x00000000f6380000,0x00000000f6380000,0x00000000f8f80000)
  to   space 44544K, 0% used [0x00000000f3800000,0x00000000f3800000,0x00000000f6380000)
 ParOldGen       total 130048K, used 108285K [0x00000000c0000000, 0x00000000c7f00000, 0x00000000eab00000)
  object space 130048K, 83% used [0x00000000c0000000,0x00000000c69bf458,0x00000000c7f00000)
 Metaspace       used 44280K, capacity 44484K, committed 44800K, reserved 1087488K
  class space    used 6514K, capacity 6610K, committed 6656K, reserved 1048576K

Card table byte_map: [0x00007f3d0236c000,0x00007f3d0256d000] byte_map_base: 0x00007f3d01d6c000

Marking Bits: (ParMarkBitMap*) 0x00007f3d04d470c0
 Begin Bits: [0x00007f3d00014000, 0x00007f3d01014000)
 End Bits:   [0x00007f3d01014000, 0x00007f3d02014000)

Polling page: 0x00007f3d059b6000

CodeCache: size=245760Kb used=13375Kb max_used=14281Kb free=232384Kb
 bounds [0x00007f3ced000000, 0x00007f3cede10000, 0x00007f3cfc000000]
 total_blobs=5462 nmethods=5041 adapters=331
 compilation: enabled

Compilation events (10 events):
Event: 19.721 Thread 0x00007f3cfc0bf800 5757       2       scala.collection.generic.GenericSetTemplate$class::empty (13 bytes)
Event: 19.721 Thread 0x00007f3cfc0bf800 nmethod 5757 0x00007f3ced15f590 code [0x00007f3ced15f700, 0x00007f3ced15f8d8]
Event: 19.722 Thread 0x00007f3cfc0bf800 5758       2       scala.math.Numeric$IntIsIntegral$::fromInt (9 bytes)
Event: 19.723 Thread 0x00007f3cfc0bf800 nmethod 5758 0x00007f3ced144b50 code [0x00007f3ced144cc0, 0x00007f3ced144e28]
Event: 19.729 Thread 0x00007f3cfc0bf800 5760       2       scala.reflect.internal.Scopes$Scope::unlink (193 bytes)
Event: 19.730 Thread 0x00007f3cfc0bf800 nmethod 5760 0x00007f3ced65a450 code [0x00007f3ced65a5e0, 0x00007f3ced65aa88]
Event: 19.732 Thread 0x00007f3cfc0bf800 5761       2       java.lang.String::compareTo (78 bytes)
Event: 19.732 Thread 0x00007f3cfc0bf800 nmethod 5761 0x00007f3ced1445d0 code [0x00007f3ced144740, 0x00007f3ced144970]
Event: 19.734 Thread 0x00007f3cfc0bf800 5764       2       scala.collection.immutable.AbstractMap::seq (5 bytes)
Event: 19.734 Thread 0x00007f3cfc0bf800 nmethod 5764 0x00007f3ced144290 code [0x00007f3ced1443e0, 0x00007f3ced144530]

GC Heap History (10 events):
Event: 7.952 GC heap after
Heap after GC invocations=11 (full 2):
 PSYoungGen      total 137728K, used 13808K [0x00000000eab00000, 0x00000000f6e00000, 0x0000000100000000)
  eden space 123904K, 0% used [0x00000000eab00000,0x00000000eab00000,0x00000000f2400000)
  from space 13824K, 99% used [0x00000000f2400000,0x00000000f317c030,0x00000000f3180000)
  to   space 34304K, 0% used [0x00000000f4c80000,0x00000000f4c80000,0x00000000f6e00000)
 ParOldGen       total 69632K, used 69189K [0x00000000c0000000, 0x00000000c4400000, 0x00000000eab00000)
  object space 69632K, 99% used [0x00000000c0000000,0x00000000c43916d0,0x00000000c4400000)
 Metaspace       used 26409K, capacity 26614K, committed 26880K, reserved 1073152K
  class space    used 3979K, capacity 4071K, committed 4096K, reserved 1048576K
}
Event: 7.952 GC heap before
{Heap before GC invocations=12 (full 3):
 PSYoungGen      total 137728K, used 13808K [0x00000000eab00000, 0x00000000f6e00000, 0x0000000100000000)
  eden space 123904K, 0% used [0x00000000eab00000,0x00000000eab00000,0x00000000f2400000)
  from space 13824K, 99% used [0x00000000f2400000,0x00000000f317c030,0x00000000f3180000)
  to   space 34304K, 0% used [0x00000000f4c80000,0x00000000f4c80000,0x00000000f6e00000)
 ParOldGen       total 69632K, used 69189K [0x00000000c0000000, 0x00000000c4400000, 0x00000000eab00000)
  object space 69632K, 99% used [0x00000000c0000000,0x00000000c43916d0,0x00000000c4400000)
 Metaspace       used 26409K, capacity 26614K, committed 26880K, reserved 1073152K
  class space    used 3979K, capacity 4071K, committed 4096K, reserved 1048576K
Event: 8.456 GC heap after
Heap after GC invocations=12 (full 3):
 PSYoungGen      total 137728K, used 8667K [0x00000000eab00000, 0x00000000f6e00000, 0x0000000100000000)
  eden space 123904K, 0% used [0x00000000eab00000,0x00000000eab00000,0x00000000f2400000)
  from space 13824K, 62% used [0x00000000f2400000,0x00000000f2c76e58,0x00000000f3180000)
  to   space 34304K, 0% used [0x00000000f4c80000,0x00000000f4c80000,0x00000000f6e00000)
 ParOldGen       total 130048K, used 69593K [0x00000000c0000000, 0x00000000c7f00000, 0x00000000eab00000)
  object space 130048K, 53% used [0x00000000c0000000,0x00000000c43f6550,0x00000000c7f00000)
 Metaspace       used 26409K, capacity 26614K, committed 26880K, reserved 1073152K
  class space    used 3979K, capacity 4071K, committed 4096K, reserved 1048576K
}
Event: 12.974 GC heap before
{Heap before GC invocations=13 (full 3):
 PSYoungGen      total 137728K, used 132571K [0x00000000eab00000, 0x00000000f6e00000, 0x0000000100000000)
  eden space 123904K, 100% used [0x00000000eab00000,0x00000000f2400000,0x00000000f2400000)
  from space 13824K, 62% used [0x00000000f2400000,0x00000000f2c76e58,0x00000000f3180000)
  to   space 34304K, 0% used [0x00000000f4c80000,0x00000000f4c80000,0x00000000f6e00000)
 ParOldGen       total 130048K, used 69593K [0x00000000c0000000, 0x00000000c7f00000, 0x00000000eab00000)
  object space 130048K, 53% used [0x00000000c0000000,0x00000000c43f6550,0x00000000c7f00000)
 Metaspace       used 37163K, capacity 37404K, committed 37760K, reserved 1081344K
  class space    used 5361K, capacity 5447K, committed 5504K, reserved 1048576K
Event: 13.088 GC heap after
Heap after GC invocations=13 (full 3):
 PSYoungGen      total 161280K, used 28240K [0x00000000eab00000, 0x00000000f8100000, 0x0000000100000000)
  eden space 126976K, 0% used [0x00000000eab00000,0x00000000eab00000,0x00000000f2700000)
  from space 34304K, 82% used [0x00000000f4c80000,0x00000000f68143a0,0x00000000f6e00000)
  to   space 38400K, 0% used [0x00000000f2700000,0x00000000f2700000,0x00000000f4c80000)
 ParOldGen       total 130048K, used 69593K [0x00000000c0000000, 0x00000000c7f00000, 0x00000000eab00000)
  object space 130048K, 53% used [0x00000000c0000000,0x00000000c43f6550,0x00000000c7f00000)
 Metaspace       used 37163K, capacity 37404K, committed 37760K, reserved 1081344K
  class space    used 5361K, capacity 5447K, committed 5504K, reserved 1048576K
}
Event: 17.722 GC heap before
{Heap before GC invocations=14 (full 3):
 PSYoungGen      total 161280K, used 155216K [0x00000000eab00000, 0x00000000f8100000, 0x0000000100000000)
  eden space 126976K, 100% used [0x00000000eab00000,0x00000000f2700000,0x00000000f2700000)
  from space 34304K, 82% used [0x00000000f4c80000,0x00000000f68143a0,0x00000000f6e00000)
  to   space 38400K, 0% used [0x00000000f2700000,0x00000000f2700000,0x00000000f4c80000)
 ParOldGen       total 130048K, used 69593K [0x00000000c0000000, 0x00000000c7f00000, 0x00000000eab00000)
  object space 130048K, 53% used [0x00000000c0000000,0x00000000c43f6550,0x00000000c7f00000)
 Metaspace       used 42148K, capacity 42388K, committed 42880K, reserved 1085440K
  class space    used 6176K, capacity 6254K, committed 6272K, reserved 1048576K
Event: 17.824 GC heap after
Heap after GC invocations=14 (full 3):
 PSYoungGen      total 165376K, used 38389K [0x00000000eab00000, 0x00000000f9000000, 0x0000000100000000)
  eden space 126976K, 0% used [0x00000000eab00000,0x00000000eab00000,0x00000000f2700000)
  from space 38400K, 99% used [0x00000000f2700000,0x00000000f4c7d7a8,0x00000000f4c80000)
  to   space 45568K, 0% used [0x00000000f6380000,0x00000000f6380000,0x00000000f9000000)
 ParOldGen       total 130048K, used 70573K [0x00000000c0000000, 0x00000000c7f00000, 0x00000000eab00000)
  object space 130048K, 54% used [0x00000000c0000000,0x00000000c44eb430,0x00000000c7f00000)
 Metaspace       used 42148K, capacity 42388K, committed 42880K, reserved 1085440K
  class space    used 6176K, capacity 6254K, committed 6272K, reserved 1048576K
}
Event: 19.740 GC heap before
{Heap before GC invocations=15 (full 3):
 PSYoungGen      total 165376K, used 86227K [0x00000000eab00000, 0x00000000f9000000, 0x0000000100000000)
  eden space 126976K, 37% used [0x00000000eab00000,0x00000000ed9b7828,0x00000000f2700000)
  from space 38400K, 99% used [0x00000000f2700000,0x00000000f4c7d7a8,0x00000000f4c80000)
  to   space 45568K, 0% used [0x00000000f6380000,0x00000000f6380000,0x00000000f9000000)
 ParOldGen       total 130048K, used 70573K [0x00000000c0000000, 0x00000000c7f00000, 0x00000000eab00000)
  object space 130048K, 54% used [0x00000000c0000000,0x00000000c44eb430,0x00000000c7f00000)
 Metaspace       used 44280K, capacity 44484K, committed 44800K, reserved 1087488K
  class space    used 6514K, capacity 6610K, committed 6656K, reserved 1048576K
Event: 19.870 GC heap after
Heap after GC invocations=15 (full 3):
 PSYoungGen      total 189440K, used 21019K [0x00000000eab00000, 0x00000000f8f80000, 0x0000000100000000)
  eden space 144384K, 0% used [0x00000000eab00000,0x00000000eab00000,0x00000000f3800000)
  from space 45056K, 46% used [0x00000000f6380000,0x00000000f7806dc0,0x00000000f8f80000)
  to   space 44544K, 0% used [0x00000000f3800000,0x00000000f3800000,0x00000000f6380000)
 ParOldGen       total 130048K, used 89122K [0x00000000c0000000, 0x00000000c7f00000, 0x00000000eab00000)
  object space 130048K, 68% used [0x00000000c0000000,0x00000000c57089b0,0x00000000c7f00000)
 Metaspace       used 44280K, capacity 44484K, committed 44800K, reserved 1087488K
  class space    used 6514K, capacity 6610K, committed 6656K, reserved 1048576K
}
Event: 19.871 GC heap before
{Heap before GC invocations=16 (full 4):
 PSYoungGen      total 189440K, used 21019K [0x00000000eab00000, 0x00000000f8f80000, 0x0000000100000000)
  eden space 144384K, 0% used [0x00000000eab00000,0x00000000eab00000,0x00000000f3800000)
  from space 45056K, 46% used [0x00000000f6380000,0x00000000f7806dc0,0x00000000f8f80000)
  to   space 44544K, 0% used [0x00000000f3800000,0x00000000f3800000,0x00000000f6380000)
 ParOldGen       total 130048K, used 89122K [0x00000000c0000000, 0x00000000c7f00000, 0x00000000eab00000)
  object space 130048K, 68% used [0x00000000c0000000,0x00000000c57089b0,0x00000000c7f00000)
 Metaspace       used 44280K, capacity 44484K, committed 44800K, reserved 1087488K
  class space    used 6514K, capacity 6610K, committed 6656K, reserved 1048576K

Deoptimization events (10 events):
Event: 18.944 Thread 0x00007f3cfc00f800 Uncommon trap: reason=unstable_if action=reinterpret pc=0x00007f3cedd039a8 method=scala.reflect.internal.BaseTypeSeqs$BaseTypeSeq.typeSymbol(I)Lscala/reflect/internal/Symbols$Symbol; @ 11
Event: 19.297 Thread 0x00007f3cfc00f800 Uncommon trap: reason=bimorphic action=maybe_recompile pc=0x00007f3cedd81bb4 method=scala.reflect.internal.tpe.TypeMaps$SubstMap.apply(Lscala/reflect/internal/Types$Type;)Lscala/reflect/internal/Types$Type; @ 20
Event: 19.297 Thread 0x00007f3cfc00f800 Uncommon trap: reason=unstable_if action=reinterpret pc=0x00007f3cedd81b2c method=scala.reflect.internal.tpe.TypeMaps$SubstMap.apply(Lscala/reflect/internal/Types$Type;)Lscala/reflect/internal/Types$Type; @ 183
Event: 19.305 Thread 0x00007f3cfc00f800 Uncommon trap: reason=class_check action=maybe_recompile pc=0x00007f3cedc56cb8 method=scala.reflect.internal.AnnotationInfos$Annotatable$class.dropOtherAnnotations(Lscala/reflect/internal/AnnotationInfos$Annotatable;Lscala/collection/immutable/List;Lscala
Event: 19.357 Thread 0x00007f3cfc00f800 Uncommon trap: reason=class_check action=maybe_recompile pc=0x00007f3cedc0f5f8 method=scala.reflect.internal.transform.UnCurry$DesugaredParameterType$.unapply(Lscala/reflect/internal/Types$Type;)Lscala/Option; @ 236
Event: 19.357 Thread 0x00007f3cfc00f800 Uncommon trap: reason=class_check action=maybe_recompile pc=0x00007f3cedc0f5f8 method=scala.reflect.internal.transform.UnCurry$DesugaredParameterType$.unapply(Lscala/reflect/internal/Types$Type;)Lscala/Option; @ 236
Event: 19.365 Thread 0x00007f3cfc00f800 Uncommon trap: reason=class_check action=maybe_recompile pc=0x00007f3cedc0f5f8 method=scala.reflect.internal.transform.UnCurry$DesugaredParameterType$.unapply(Lscala/reflect/internal/Types$Type;)Lscala/Option; @ 236
Event: 19.367 Thread 0x00007f3cfc00f800 Uncommon trap: reason=class_check action=maybe_recompile pc=0x00007f3cedc0f5f8 method=scala.reflect.internal.transform.UnCurry$DesugaredParameterType$.unapply(Lscala/reflect/internal/Types$Type;)Lscala/Option; @ 236
Event: 19.375 Thread 0x00007f3cfc00f800 Uncommon trap: reason=class_check action=maybe_recompile pc=0x00007f3cedc30b38 method=scala.collection.mutable.ArrayBuffer.$plus$plus$eq(Lscala/collection/TraversableOnce;)Lscala/collection/mutable/ArrayBuffer; @ 8
Event: 19.408 Thread 0x00007f3cfc00f800 Uncommon trap: reason=unstable_if action=reinterpret pc=0x00007f3cedb592cc method=scala.reflect.internal.Types$NoArgsTypeRef.isHigherKinded()Z @ 7

Classes redefined (0 events):
No events

Internal exceptions (10 events):
Event: 16.796 Thread 0x00007f3cfc00f800 Exception <a 'java/security/PrivilegedActionException'> (0x00000000f05a92c0) thrown at [/scratch/jenkins/workspace/8-2-build-linux-amd64/jdk8u261/295/hotspot/src/share/vm/prims/jvm.cpp, line 1512]
Event: 16.796 Thread 0x00007f3cfc00f800 Exception <a 'java/security/PrivilegedActionException'> (0x00000000f05a96b8) thrown at [/scratch/jenkins/workspace/8-2-build-linux-amd64/jdk8u261/295/hotspot/src/share/vm/prims/jvm.cpp, line 1512]
Event: 16.797 Thread 0x00007f3cfc00f800 Exception <a 'java/security/PrivilegedActionException'> (0x00000000f05aa4e0) thrown at [/scratch/jenkins/workspace/8-2-build-linux-amd64/jdk8u261/295/hotspot/src/share/vm/prims/jvm.cpp, line 1512]
Event: 16.797 Thread 0x00007f3cfc00f800 Exception <a 'java/security/PrivilegedActionException'> (0x00000000f05aa8d8) thrown at [/scratch/jenkins/workspace/8-2-build-linux-amd64/jdk8u261/295/hotspot/src/share/vm/prims/jvm.cpp, line 1512]
Event: 16.797 Thread 0x00007f3cfc00f800 Exception <a 'java/security/PrivilegedActionException'> (0x00000000f05ab6c8) thrown at [/scratch/jenkins/workspace/8-2-build-linux-amd64/jdk8u261/295/hotspot/src/share/vm/prims/jvm.cpp, line 1512]
Event: 16.797 Thread 0x00007f3cfc00f800 Exception <a 'java/security/PrivilegedActionException'> (0x00000000f05abac0) thrown at [/scratch/jenkins/workspace/8-2-build-linux-amd64/jdk8u261/295/hotspot/src/share/vm/prims/jvm.cpp, line 1512]
Event: 16.797 Thread 0x00007f3cfc00f800 Exception <a 'java/security/PrivilegedActionException'> (0x00000000f05ac8e8) thrown at [/scratch/jenkins/workspace/8-2-build-linux-amd64/jdk8u261/295/hotspot/src/share/vm/prims/jvm.cpp, line 1512]
Event: 16.797 Thread 0x00007f3cfc00f800 Exception <a 'java/security/PrivilegedActionException'> (0x00000000f05acce0) thrown at [/scratch/jenkins/workspace/8-2-build-linux-amd64/jdk8u261/295/hotspot/src/share/vm/prims/jvm.cpp, line 1512]
Event: 16.797 Thread 0x00007f3cfc00f800 Exception <a 'java/security/PrivilegedActionException'> (0x00000000f05adb08) thrown at [/scratch/jenkins/workspace/8-2-build-linux-amd64/jdk8u261/295/hotspot/src/share/vm/prims/jvm.cpp, line 1512]
Event: 16.797 Thread 0x00007f3cfc00f800 Exception <a 'java/security/PrivilegedActionException'> (0x00000000f05adf00) thrown at [/scratch/jenkins/workspace/8-2-build-linux-amd64/jdk8u261/295/hotspot/src/share/vm/prims/jvm.cpp, line 1512]

Events (10 events):
Event: 19.707 loading class scala/tools/nsc/transform/SpecializeTypes$$anonfun$scala$tools$nsc$transform$SpecializeTypes$$enterMember$1$2 done
Event: 19.708 loading class scala/tools/nsc/transform/SpecializeTypes$Abstract
Event: 19.708 loading class scala/tools/nsc/transform/SpecializeTypes$Abstract done
Event: 19.709 loading class scala/tools/nsc/transform/SpecializeTypes$NormalizedMember
Event: 19.709 loading class scala/tools/nsc/transform/SpecializeTypes$NormalizedMember done
Event: 19.710 loading class scala/tools/nsc/transform/SpecializeTypes$$anonfun$specializeClass$1$$anonfun$apply$22
Event: 19.710 loading class scala/tools/nsc/transform/SpecializeTypes$$anonfun$specializeClass$1$$anonfun$apply$22 done
Event: 19.734 loading class scala/collection/GenMapLike$$anonfun$liftedTree1$1$1
Event: 19.734 loading class scala/collection/GenMapLike$$anonfun$liftedTree1$1$1 done
Event: 19.737 Executing VM operation: CollectForMetadataAllocation


Dynamic libraries:
c0000000-c7f00000 rw-p 00000000 00:00 0 
cb600000-eab00000 ---p 00000000 00:00 0 
eab00000-f8f80000 rw-p 00000000 00:00 0 
f8f80000-100000000 ---p 00000000 00:00 0 
100000000-100680000 rw-p 00000000 00:00 0 
100680000-140000000 ---p 00000000 00:00 0 
55b55ca0a000-55b55ca0b000 r-xp 00000000 08:01 567409                     /usr/local/java/jdk1.8.0_261/jre/bin/java
55b55cc0a000-55b55cc0b000 r--p 00000000 08:01 567409                     /usr/local/java/jdk1.8.0_261/jre/bin/java
55b55cc0b000-55b55cc0c000 rw-p 00001000 08:01 567409                     /usr/local/java/jdk1.8.0_261/jre/bin/java
55b55d40c000-55b55d42d000 rw-p 00000000 00:00 0                          [heap]
7f3cb0000000-7f3cb0021000 rw-p 00000000 00:00 0 
7f3cb0021000-7f3cb4000000 ---p 00000000 00:00 0 
7f3cb8000000-7f3cb8021000 rw-p 00000000 00:00 0 
7f3cb8021000-7f3cbc000000 ---p 00000000 00:00 0 
7f3cbc000000-7f3cbc021000 rw-p 00000000 00:00 0 
7f3cbc021000-7f3cc0000000 ---p 00000000 00:00 0 
7f3cc01ff000-7f3cc033f000 rw-p 00000000 00:00 0 
7f3cc033f000-7f3cc03ff000 ---p 00000000 00:00 0 
7f3cc03ff000-7f3cc05ff000 rw-p 00000000 00:00 0 
7f3cc05ff000-7f3cc07ff000 rw-p 00000000 00:00 0 
7f3cc07ff000-7f3cc09ff000 rw-p 00000000 00:00 0 
7f3cc09ff000-7f3cc0bff000 rw-p 00000000 00:00 0 
7f3cc0bff000-7f3cc0dff000 rw-p 00000000 00:00 0 
7f3cc0dff000-7f3cc0fff000 rw-p 00000000 00:00 0 
7f3cc0fff000-7f3cc4000000 rw-p 00000000 00:00 0 
7f3cc4000000-7f3cc49e0000 rw-p 00000000 00:00 0 
7f3cc49e0000-7f3cc8000000 ---p 00000000 00:00 0 
7f3cc8000000-7f3cc8021000 rw-p 00000000 00:00 0 
7f3cc8021000-7f3ccc000000 ---p 00000000 00:00 0 
7f3ccc000000-7f3ccc021000 rw-p 00000000 00:00 0 
7f3ccc021000-7f3cd0000000 ---p 00000000 00:00 0 
7f3cd0000000-7f3cd1dc5000 rw-p 00000000 00:00 0 
7f3cd1dc5000-7f3cd4000000 ---p 00000000 00:00 0 
7f3cd4000000-7f3cd4021000 rw-p 00000000 00:00 0 
7f3cd4021000-7f3cd8000000 ---p 00000000 00:00 0 
7f3cd8000000-7f3cd8021000 rw-p 00000000 00:00 0 
7f3cd8021000-7f3cdc000000 ---p 00000000 00:00 0 
7f3cdc000000-7f3cdc2b8000 rw-p 00000000 00:00 0 
7f3cdc2b8000-7f3ce0000000 ---p 00000000 00:00 0 
7f3ce0000000-7f3ce0052000 rw-p 00000000 00:00 0 
7f3ce0052000-7f3ce4000000 ---p 00000000 00:00 0 
7f3ce4095000-7f3ce412b000 r--s 0110e000 08:01 567124                     /usr/local/java/jdk1.8.0_261/jre/lib/ext/jfxrt.jar
7f3ce412b000-7f3ce412d000 r--s 00001000 08:01 567126                     /usr/local/java/jdk1.8.0_261/jre/lib/ext/dnsns.jar
7f3ce412d000-7f3ce412e000 r--s 0000e000 08:01 567131                     /usr/local/java/jdk1.8.0_261/jre/lib/ext/sunec.jar
7f3ce412e000-7f3ce4132000 r--s 00041000 08:01 567128                     /usr/local/java/jdk1.8.0_261/jre/lib/ext/sunpkcs11.jar
7f3ce4132000-7f3ce4133000 r--s 0000a000 08:01 567125                     /usr/local/java/jdk1.8.0_261/jre/lib/ext/jaccess.jar
7f3ce4133000-7f3ce413d000 r--s 00116000 08:01 567133                     /usr/local/java/jdk1.8.0_261/jre/lib/ext/localedata.jar
7f3ce413d000-7f3ce4158000 r--s 001d4000 08:01 567127                     /usr/local/java/jdk1.8.0_261/jre/lib/ext/nashorn.jar
7f3ce4158000-7f3ce415e000 r--s 0003f000 08:01 567129                     /usr/local/java/jdk1.8.0_261/jre/lib/ext/sunjce_provider.jar
7f3ce415e000-7f3ce417a000 r--s 00393000 08:01 567123                     /usr/local/java/jdk1.8.0_261/jre/lib/ext/cldrdata.jar
7f3ce417a000-7f3ce417f000 r--s 00087000 08:01 567393                     /usr/local/java/jdk1.8.0_261/jre/lib/jfr.jar
7f3ce417f000-7f3ce4184000 r--s 002f9000 08:01 567235                     /usr/local/java/jdk1.8.0_261/jre/lib/charsets.jar
7f3ce4184000-7f3ce4196000 r--s 00353000 08:01 567236                     /usr/local/java/jdk1.8.0_261/jre/lib/resources.jar
7f3ce4196000-7f3ce4396000 rw-p 00000000 00:00 0 
7f3ce4396000-7f3ce4596000 rw-p 00000000 00:00 0 
7f3ce4596000-7f3ce4796000 rw-p 00000000 00:00 0 
7f3ce4796000-7f3ce4996000 rw-p 00000000 00:00 0 
7f3ce4996000-7f3ce4b96000 rw-p 00000000 00:00 0 
7f3ce4b96000-7f3ce4b97000 r-xp 00000000 08:01 567353                     /usr/local/java/jdk1.8.0_261/jre/lib/amd64/libjaas_unix.so
7f3ce4b97000-7f3ce4d96000 ---p 00001000 08:01 567353                     /usr/local/java/jdk1.8.0_261/jre/lib/amd64/libjaas_unix.so
7f3ce4d96000-7f3ce4d97000 r--p 00000000 08:01 567353                     /usr/local/java/jdk1.8.0_261/jre/lib/amd64/libjaas_unix.so
7f3ce4d97000-7f3ce4d98000 rw-p 00001000 08:01 567353                     /usr/local/java/jdk1.8.0_261/jre/lib/amd64/libjaas_unix.so
7f3ce4d98000-7f3ce4d9b000 ---p 00000000 00:00 0 
7f3ce4d9b000-7f3ce4e99000 rw-p 00000000 00:00 0 
7f3ce4e99000-7f3ce4e9c000 ---p 00000000 00:00 0 
7f3ce4e9c000-7f3ce50d2000 rw-p 00000000 00:00 0 
7f3ce50d2000-7f3ce50db000 r-xp 00000000 08:01 567303                     /usr/local/java/jdk1.8.0_261/jre/lib/amd64/libmanagement.so
7f3ce50db000-7f3ce52da000 ---p 00009000 08:01 567303                     /usr/local/java/jdk1.8.0_261/jre/lib/amd64/libmanagement.so
7f3ce52da000-7f3ce52db000 r--p 00008000 08:01 567303                     /usr/local/java/jdk1.8.0_261/jre/lib/amd64/libmanagement.so
7f3ce52db000-7f3ce52dc000 rw-p 00009000 08:01 567303                     /usr/local/java/jdk1.8.0_261/jre/lib/amd64/libmanagement.so
7f3ce52dc000-7f3ce54dc000 rw-p 00000000 00:00 0 
7f3ce54dc000-7f3ce54f3000 r-xp 00000000 08:01 274971                     /lib/x86_64-linux-gnu/libresolv-2.27.so
7f3ce54f3000-7f3ce56f3000 ---p 00017000 08:01 274971                     /lib/x86_64-linux-gnu/libresolv-2.27.so
7f3ce56f3000-7f3ce56f4000 r--p 00017000 08:01 274971                     /lib/x86_64-linux-gnu/libresolv-2.27.so
7f3ce56f4000-7f3ce56f5000 rw-p 00018000 08:01 274971                     /lib/x86_64-linux-gnu/libresolv-2.27.so
7f3ce56f5000-7f3ce56f7000 rw-p 00000000 00:00 0 
7f3ce56f7000-7f3ce56fc000 r-xp 00000000 08:01 274964                     /lib/x86_64-linux-gnu/libnss_dns-2.27.so
7f3ce56fc000-7f3ce58fc000 ---p 00005000 08:01 274964                     /lib/x86_64-linux-gnu/libnss_dns-2.27.so
7f3ce58fc000-7f3ce58fd000 r--p 00005000 08:01 274964                     /lib/x86_64-linux-gnu/libnss_dns-2.27.so
7f3ce58fd000-7f3ce58fe000 rw-p 00006000 08:01 274964                     /lib/x86_64-linux-gnu/libnss_dns-2.27.so
7f3ce58fe000-7f3ce5900000 r-xp 00000000 08:01 283429                     /lib/x86_64-linux-gnu/libnss_mdns4_minimal.so.2
7f3ce5900000-7f3ce5aff000 ---p 00002000 08:01 283429                     /lib/x86_64-linux-gnu/libnss_mdns4_minimal.so.2
7f3ce5aff000-7f3ce5b00000 r--p 00001000 08:01 283429                     /lib/x86_64-linux-gnu/libnss_mdns4_minimal.so.2
7f3ce5b00000-7f3ce5b01000 rw-p 00002000 08:01 283429                     /lib/x86_64-linux-gnu/libnss_mdns4_minimal.so.2
7f3ce5b01000-7f3ce5b02000 r--s 00010000 08:01 567130                     /usr/local/java/jdk1.8.0_261/jre/lib/ext/zipfs.jar
7f3ce5b02000-7f3ce5b05000 r--s 0001a000 08:01 567391                     /usr/local/java/jdk1.8.0_261/jre/lib/jce.jar
7f3ce5b05000-7f3ce5b16000 r--s 001c0000 08:01 567120                     /usr/local/java/jdk1.8.0_261/jre/lib/jsse.jar
7f3ce5b16000-7f3ce5b2c000 r-xp 00000000 08:01 567354                     /usr/local/java/jdk1.8.0_261/jre/lib/amd64/libnet.so
7f3ce5b2c000-7f3ce5d2b000 ---p 00016000 08:01 567354                     /usr/local/java/jdk1.8.0_261/jre/lib/amd64/libnet.so
7f3ce5d2b000-7f3ce5d2c000 r--p 00015000 08:01 567354                     /usr/local/java/jdk1.8.0_261/jre/lib/amd64/libnet.so
7f3ce5d2c000-7f3ce5d2d000 rw-p 00016000 08:01 567354                     /usr/local/java/jdk1.8.0_261/jre/lib/amd64/libnet.so
7f3ce5d2d000-7f3ce5f2d000 rw-p 00000000 00:00 0 
7f3ce5f2d000-7f3ce5f2f000 r--s 00238000 08:01 417788                     /opt/spark/jars/zstd-jni-1.3.2-2.jar
7f3ce5f2f000-7f3ce5f41000 r--s 00097000 08:01 417698                     /opt/spark/jars/apacheds-kerberos-codec-2.0.0-M15.jar
7f3ce5f41000-7f3ce5f42000 r--s 00002000 08:01 417476                     /opt/spark/jars/flatbuffers-1.2.0-3f79e055.jar
7f3ce5f42000-7f3ce5f46000 r--s 00028000 08:01 417779                     /opt/spark/jars/jetty-util-6.1.26.jar
7f3ce5f46000-7f3ce5f5e000 r--s 001b6000 08:01 417486                     /opt/spark/jars/datanucleus-core-3.2.10.jar
7f3ce5f5e000-7f3ce5f5f000 r--s 00008000 08:01 417519                     /opt/spark/jars/machinist_2.11-0.6.1.jar
7f3ce5f5f000-7f3ce5f61000 r--s 00002000 08:01 417623                     /opt/spark/jars/aopalliance-repackaged-2.4.0-b34.jar
7f3ce5f61000-7f3ce5f63000 r--s 00009000 08:01 417570                     /opt/spark/jars/jackson-module-paranamer-2.7.9.jar
7f3ce5f63000-7f3ce5f69000 r--s 00043000 08:01 417501                     /opt/spark/jars/commons-configuration-1.6.jar
7f3ce5f69000-7f3ce5f6d000 r--s 0002a000 08:01 417786                     /opt/spark/jars/avro-mapred-1.8.2-hadoop2.jar
7f3ce5f6d000-7f3ce5f6f000 r--s 00002000 08:01 417474                     /opt/spark/jars/logging-interceptor-3.12.0.jar
7f3ce5f6f000-7f3ce5f7d000 r--s 000b1000 08:01 417759                     /opt/spark/jars/jackson-mapper-asl-1.9.13.jar
7f3ce5f7d000-7f3ce5f86000 r--s 0006f000 08:01 417618                     /opt/spark/jars/log4j-1.2.17.jar
7f3ce5f86000-7f3ce5f8c000 r--s 00034000 08:01 417527                     /opt/spark/jars/libthrift-0.9.3.jar
7f3ce5f8c000-7f3ce5fcd000 r--s 006c0000 08:01 417764                     /opt/spark/jars/mesos-1.4.0-shaded-protobuf.jar
7f3ce5fcd000-7f3ce5fd4000 r--s 0007d000 08:01 417722                     /opt/spark/jars/jetty-6.1.26.jar
7f3ce5fd4000-7f3ce5fd7000 r--s 00022000 08:01 418121                     /opt/spark/jars/stringtemplate-3.2.1.jar
7f3ce5fd7000-7f3ce5fda000 r--s 0000e000 08:01 417774                     /opt/spark/jars/jersey-container-servlet-core-2.22.2.jar
7f3ce5fda000-7f3ce5fdf000 r--s 0002a000 08:01 417602                     /opt/spark/jars/gson-2.2.4.jar
7f3ce5fdf000-7f3ce5fe1000 r--s 00004000 08:01 417534                     /opt/spark/jars/metrics-graphite-3.1.5.jar
7f3ce5fe1000-7f3ce6010000 r--s 002e5000 08:01 417686                     /opt/spark/jars/derby-10.12.1.1.jar
7f3ce6010000-7f3ce6013000 r--s 00015000 08:01 417546                     /opt/spark/jars/pyrolite-4.13.jar
7f3ce6013000-7f3ce6018000 r--s 00041000 08:01 417608                     /opt/spark/jars/parquet-hadoop-1.10.1.jar
7f3ce6018000-7f3ce601e000 r--s 00062000 08:01 418127                     /opt/spark/jars/okhttp-3.12.0.jar
7f3ce601e000-7f3ce6023000 r--s 00041000 08:01 417769                     /opt/spark/jars/xbean-asm6-shaded-4.8.jar
7f3ce6023000-7f3ce6026000 r--s 00014000 08:01 417502                     /opt/spark/jars/json4s-ast_2.11-3.5.3.jar
7f3ce6026000-7f3ce605c000 r--s 0031c000 08:01 417442                     /opt/spark/jars/hadoop-common-2.7.3.jar
7f3ce605c000-7f3ce605e000 r--s 0000b000 08:01 417440                     /opt/spark/jars/arrow-format-0.10.0.jar
7f3ce605e000-7f3ce6061000 r--s 00006000 08:01 417772                     /opt/spark/jars/jsr305-1.3.9.jar
7f3ce6061000-7f3ce6063000 r--s 00007000 08:01 418106                     /opt/spark/jars/paranamer-2.8.jar
7f3ce6063000-7f3ce6079000 r--s 001a4000 08:01 417688                     /opt/spark/jars/datanucleus-rdbms-3.2.9.jar
7f3ce6079000-7f3ce607a000 r--s 00003000 08:01 417752                     /opt/spark/jars/jta-1.1.jar
7f3ce607a000-7f3ce607e000 r--s 0000c000 08:01 417411                     /opt/spark/jars/validation-api-1.1.0.Final.jar
7f3ce607e000-7f3ce6082000 r--s 00025000 08:01 418128                     /opt/spark/jars/antlr-runtime-3.4.jar
7f3ce6082000-7f3ce6084000 r--s 0000e000 08:01 417690                     /opt/spark/jars/hadoop-mapreduce-client-jobclient-2.7.3.jar
7f3ce6084000-7f3ce6085000 r--s 00006000 08:01 417716                     /opt/spark/jars/orc-shims-1.5.5.jar
7f3ce6085000-7f3ce6087000 r--s 00006000 08:01 417735                     /opt/spark/jars/spark-sketch_2.11-2.4.7.jar
7f3ce6087000-7f3ce611a000 r--s 00716000 08:01 417732                     /opt/spark/jars/spark-mllib_2.11-2.4.7.jar
7f3ce611a000-7f3ce611b000 r--s 00000000 08:01 417729                     /opt/spark/jars/javax.inject-1.jar
7f3ce611b000-7f3ce6125000 r--s 0009a000 08:01 417756                     /opt/spark/jars/scala-xml_2.11-1.0.5.jar
7f3ce6125000-7f3ce6146000 r--s 0019b000 08:01 417516                     /opt/spark/jars/spark-hive-thriftserver_2.11-2.4.7.jar
7f3ce6146000-7f3ce617d000 r--s 00325000 08:01 417491                     /opt/spark/jars/calcite-core-1.2.0-incubating.jar
7f3ce617d000-7f3ce617e000 r--s 00003000 08:01 417648                     /opt/spark/jars/spark-tags_2.11-2.4.7.jar
7f3ce617e000-7f3ce6180000 r--s 0000a000 08:01 417719                     /opt/spark/jars/json4s-jackson_2.11-3.5.3.jar
7f3ce6180000-7f3ce6184000 r--s 00029000 08:01 417991                     /opt/spark/jars/spark-mllib-local_2.11-2.4.7.jar
7f3ce6184000-7f3ce6189000 r--s 00038000 08:01 417626                     /opt/spark/jars/commons-beanutils-1.9.4.jar
7f3ce6189000-7f3ce618c000 r--s 00019000 08:01 417511                     /opt/spark/jars/bonecp-0.8.0.RELEASE.jar
7f3ce618c000-7f3ce61a2000 r--s 00124000 08:01 417705                     /opt/spark/jars/ivy-2.4.0.jar
7f3ce61a2000-7f3ce61a4000 r--s 00027000 08:01 417672                     /opt/spark/jars/core-1.1.2.jar
7f3ce61a4000-7f3ce61a5000 r--s 00009000 08:01 417746                     /opt/spark/jars/hive-cli-1.2.1.spark2.jar
7f3ce61a5000-7f3ce61a9000 r--s 0003e000 08:01 418109                     /opt/spark/jars/jline-2.14.6.jar
7f3ce61a9000-7f3ce61aa000 r--s 00002000 08:01 417477                     /opt/spark/jars/slf4j-log4j12-1.7.16.jar
7f3ce61aa000-7f3ce61b1000 r--s 00058000 08:01 418073                     /opt/spark/jars/hadoop-yarn-server-common-2.7.3.jar
7f3ce61b1000-7f3ce61b6000 r--s 00027000 08:01 418123                     /opt/spark/jars/automaton-1.11-8.jar
7f3ce61b6000-7f3ce61b7000 r--s 00004000 08:01 417777                     /opt/spark/jars/opencsv-2.3.jar
7f3ce61b7000-7f3ce61bc000 r--s 00068000 08:01 417493                     /opt/spark/jars/antlr-2.7.7.jar
7f3ce61bc000-7f3ce61d3000 r--s 00183000 08:01 417758                     /opt/spark/jars/hadoop-yarn-common-2.7.3.jar
7f3ce61d3000-7f3ce6202000 r--s 0021a000 08:01 417677                     /opt/spark/jars/spark-network-common_2.11-2.4.7.jar
7f3ce6202000-7f3ce620f000 r--s 000b1000 08:01 417733                     /opt/spark/jars/hadoop-mapreduce-client-common-2.7.3.jar
7f3ce620f000-7f3ce6230000 r--s 0015c000 08:01 417691                     /opt/spark/jars/avro-1.8.2.jar
7f3ce6230000-7f3ce6232000 r--s 0000c000 08:01 417984                     /opt/spark/jars/spark-kvstore_2.11-2.4.7.jar
7f3ce6232000-7f3ce6234000 r--s 0001c000 08:01 417785                     /opt/spark/jars/py4j-0.10.7.jar
7f3ce6234000-7f3ce6239000 r--s 0004e000 08:01 417674                     /opt/spark/jars/datanucleus-api-jdo-3.2.6.jar
7f3ce6239000-7f3ce623d000 r--s 00019000 08:01 417586                     /opt/spark/jars/javax.ws.rs-api-2.0.1.jar
7f3ce623d000-7f3ce6240000 r--s 00028000 08:01 417696                     /opt/spark/jars/stream-2.7.0.jar
7f3ce6240000-7f3ce6251000 r--s 0010c000 08:01 417594                     /opt/spark/jars/jackson-databind-2.6.7.3.jar
7f3ce6251000-7f3ce6252000 r--s 00003000 08:01 417611                     /opt/spark/jars/metrics-json-3.1.5.jar
7f3ce6252000-7f3ce6254000 r--s 0000d000 08:01 417357                     /opt/spark/jars/chill-java-0.9.3.jar
7f3ce6254000-7f3ce631b000 r--s 008b0000 08:01 417642                     /opt/spark/jars/spark-sql_2.11-2.4.7.jar
7f3ce631b000-7f3ce6362000 r--s 003af000 08:01 417750                     /opt/spark/jars/netty-all-4.1.47.Final.jar
7f3ce6362000-7f3ce6364000 r--s 00012000 08:01 418117                     /opt/spark/jars/api-util-1.0.0-M20.jar
7f3ce6364000-7f3ce6365000 r--s 00000000 08:01 417782                     /opt/spark/jars/shims-0.7.45.jar
7f3ce6365000-7f3ce6374000 r--s 0009f000 08:01 417730                     /opt/spark/jars/guice-3.0.jar
7f3ce6374000-7f3ce63a8000 r--s 00277000 08:01 418118                     /opt/spark/jars/parquet-hadoop-bundle-1.6.0.jar
7f3ce63a8000-7f3ce63aa000 r--s 00005000 08:01 417757                     /opt/spark/jars/javax.annotation-api-1.2.jar
7f3ce63aa000-7f3ce63ac000 r--s 00008000 08:01 417744                     /opt/spark/jars/metrics-jvm-3.1.5.jar
7f3ce63ac000-7f3ce63ad000 r--s 00002000 08:01 417647                     /opt/spark/jars/jpam-1.1.jar
7f3ce63ad000-7f3ce63b0000 r--s 000fd000 08:01 417418                     /opt/spark/jars/leveldbjni-all-1.8.jar
7f3ce63b0000-7f3ce6488000 r--s 00d92000 08:01 418065                     /opt/spark/jars/breeze_2.11-0.13.2.jar
7f3ce6488000-7f3ce6495000 r--s 00077000 08:01 418111                     /opt/spark/jars/spark-kubernetes_2.11-2.4.7.jar
7f3ce6495000-7f3ce64ad000 r--s 000d6000 08:01 418131                     /opt/spark/jars/jersey-guava-2.22.2.jar
7f3ce64ad000-7f3ce64b5000 r--s 00066000 08:01 417747                     /opt/spark/jars/apache-log4j-extras-1.2.17.jar
7f3ce64b5000-7f3ce64bf000 r--s 000a5000 08:01 417456                     /opt/spark/jars/javassist-3.18.1-GA.jar
7f3ce64bf000-7f3ce64d5000 r--s 000d3000 08:01 418108                     /opt/spark/jars/jersey-server-2.22.2.jar
7f3ce64d5000-7f3ce64d7000 r--s 00007000 08:01 417734                     /opt/spark/jars/zjsonpatch-0.3.0.jar
7f3ce64d7000-7f3ce6500000 r--s 001ee000 08:01 417483                     /opt/spark/jars/guava-14.0.1.jar
7f3ce6500000-7f3ce6504000 r--s 0001e000 08:01 417775                     /opt/spark/jars/spark-repl_2.11-2.4.7.jar
7f3ce6504000-7f3ce6506000 r--s 00001000 08:01 417568                     /opt/spark/jars/spark-tags_2.11-2.4.7-tests.jar
7f3ce6506000-7f3ce6508000 r--s 00010000 08:01 418133                     /opt/spark/jars/hadoop-mapreduce-client-shuffle-2.7.3.jar
7f3ce6508000-7f3ce650c000 r--s 0002a000 08:01 417728                     /opt/spark/jars/commons-io-2.4.jar
7f3ce650c000-7f3ce650d000 r--s 00009000 08:01 417721                     /opt/spark/jars/slf4j-api-1.7.16.jar
7f3ce650d000-7f3ce650f000 r--s 0001f000 08:01 417792                     /opt/spark/jars/commons-crypto-1.0.0.jar
7f3ce650f000-7f3ce6511000 r--s 00000000 08:01 417760                     /opt/spark/jars/jul-to-slf4j-1.7.16.jar
7f3ce6511000-7f3ce6513000 r--s 00003000 08:01 417639                     /opt/spark/jars/jcl-over-slf4j-1.7.16.jar
7f3ce6513000-7f3ce6515000 r--s 00012000 08:01 417338                     /opt/spark/jars/compress-lzf-1.0.3.jar
7f3ce6515000-7f3ce652e000 r--s 00164000 08:01 417472                     /opt/spark/jars/hadoop-mapreduce-client-core-2.7.3.jar
7f3ce652e000-7f3ce654f000 r--s 00177000 08:01 417673                     /opt/spark/jars/hppc-0.7.2.jar
7f3ce654f000-7f3ce6551000 r--s 00003000 08:01 418116                     /opt/spark/jars/JavaEWAH-0.3.2.jar
7f3ce6551000-7f3ce6554000 r--s 00026000 08:01 417518                     /opt/spark/jars/hadoop-yarn-client-2.7.3.jar
7f3ce6554000-7f3ce6555000 r--s 00009000 08:01 417789                     /opt/spark/jars/hadoop-annotations-2.7.3.jar
7f3ce6555000-7f3ce6557000 r--s 00011000 08:01 417771                     /opt/spark/jars/spark-launcher_2.11-2.4.7.jar
7f3ce6557000-7f3ce6566000 r--s 00096000 08:01 417578                     /opt/spark/jars/spark-yarn_2.11-2.4.7.jar
7f3ce6566000-7f3ce6568000 r--s 00012000 08:01 417468                     /opt/spark/jars/arrow-memory-0.10.0.jar
7f3ce6568000-7f3ce6573000 r--s 000b0000 08:01 418132                     /opt/spark/jars/jtransforms-2.4.0.jar
7f3ce6573000-7f3ce6590000 r--s 001d5000 08:01 417603                     /opt/spark/jars/hadoop-yarn-api-2.7.3.jar
7f3ce6590000-7f3ce6598000 r--s 00059000 08:01 417619                     /opt/spark/jars/javolution-5.5.1.jar
7f3ce6598000-7f3ce659b000 r--s 0001e000 08:01 417685                     /opt/spark/jars/aircompressor-0.10.jar
7f3ce659b000-7f3ce65af000 r--s 000ec000 08:01 417740                     /opt/spark/jars/parquet-jackson-1.10.1.jar
7f3ce65af000-7f3ce65b3000 r--s 00015000 08:01 417631                     /opt/spark/jars/xz-1.5.jar
7f3ce65b3000-7f3ce65ba000 r--s 00039000 08:01 418138                     /opt/spark/jars/calcite-avatica-1.2.0-incubating.jar
7f3ce65ba000-7f3ce65cb000 r--s 00089000 08:01 417781                     /opt/spark/jars/joda-time-2.9.3.jar
7f3ce65cb000-7f3ce65cc000 r--s 00001000 08:01 418126                     /opt/spark/jars/javax.inject-2.4.0-b34.jar
7f3ce65cc000-7f3ce65da000 r--s 0009d000 08:01 418125                     /opt/spark/jars/jersey-common-2.22.2.jar
7f3ce65da000-7f3ce65e6000 r--s 000b6000 08:01 417767                     /opt/spark/jars/zookeeper-3.4.6.jar
7f3ce65e6000-7f3ce65e8000 r--s 00004000 08:01 418134                     /opt/spark/jars/stax-api-1.0-2.jar
7f3ce65e8000-7f3ce65ea000 r--s 0000d000 08:01 417743                     /opt/spark/jars/hadoop-yarn-server-web-proxy-2.7.3.jar
7f3ce65ea000-7f3ce65ec000 r--s 00010000 08:01 417595                     /opt/spark/jars/jersey-media-jaxb-2.22.2.jar
7f3ce65ec000-7f3ce65ee000 r--s 00015000 08:01 417695                     /opt/spark/jars/hadoop-auth-2.7.3.jar
7f3ce65ee000-7f3ce65f2000 r--s 0004c000 08:01 417787                     /opt/spark/jars/RoaringBitmap-0.7.45.jar
7f3ce65f2000-7f3ce664b000 r--s 00523000 08:01 417773                     /opt/spark/jars/scala-library-2.11.12.jar
7f3ce664b000-7f3ce66ae000 r--s 004de000 08:01 418124                     /opt/spark/jars/hive-metastore-1.2.1.spark2.jar
7f3ce66ae000-7f3ce66b3000 r--s 00027000 08:01 417555                     /opt/spark/jars/hk2-api-2.4.0-b34.jar
7f3ce66b3000-7f3ce66b4000 r--s 00006000 08:01 417592                     /opt/spark/jars/jackson-xc-1.9.13.jar
7f3ce66b4000-7f3ce66b5000 r--s 0000b000 08:01 418120                     /opt/spark/jars/snappy-0.2.jar
7f3ce66b5000-7f3ce66bc000 r--s 00053000 08:01 417584                     /opt/spark/jars/commons-compress-1.8.1.jar
7f3ce66bc000-7f3ce66c9000 r--s 0009b000 08:01 418122                     /opt/spark/jars/kubernetes-client-4.6.1.jar
7f3ce66c9000-7f3ce66ca000 r--s 00004000 08:01 417725                     /opt/spark/jars/eigenbase-properties-1.1.5.jar
7f3ce66ca000-7f3ce67b4000 r--s 009a3000 08:01 417739                     /opt/spark/jars/kubernetes-model-4.6.1.jar
7f3ce67b4000-7f3ce685d000 r--s 00a4f000 08:01 417763                     /opt/spark/jars/hive-exec-1.2.1.spark2.jar
7f3ce685d000-7f3ce685e000 r--s 00007000 08:01 417510                     /opt/spark/jars/jackson-module-jaxb-annotations-2.6.7.jar
7f3ce685e000-7f3ce6883000 rw-p 00000000 00:00 0 
7f3ce6883000-7f3ce6990000 r--s 00dd7000 08:01 417587                     /opt/spark/jars/scala-compiler-2.11.12.jar
7f3ce6990000-7f3ce69d6000 r--s 00317000 08:01 417562                     /opt/spark/jars/shapeless_2.11-2.3.2.jar
7f3ce69d6000-7f3ce69d7000 r--s 00003000 08:01 417633                     /opt/spark/jars/xmlenc-0.52.jar
7f3ce69d7000-7f3ce69da000 r--s 00014000 08:01 417416                     /opt/spark/jars/super-csv-2.2.0.jar
7f3ce69da000-7f3ce69fd000 rw-p 00000000 00:00 0 
7f3ce69fd000-7f3ce6af4000 r--s 00bf5000 08:01 417755                     /opt/spark/jars/spark-core_2.11-2.4.7.jar
7f3ce6af4000-7f3ce6b02000 r--s 00089000 08:01 417355                     /opt/spark/jars/json4s-scalap_2.11-3.5.3.jar
7f3ce6b02000-7f3ce6b1b000 r--s 000f4000 08:01 417791                     /opt/spark/jars/parquet-column-1.10.1.jar
7f3ce6b1b000-7f3ce6b28000 r--s 000af000 08:01 417990                     /opt/spark/jars/httpclient-4.5.6.jar
7f3ce6b28000-7f3ce6b29000 r--s 00001000 08:01 417576                     /opt/spark/jars/minlog-1.3.0.jar
7f3ce6b29000-7f3ce6b2c000 r--s 00009000 08:01 418112                     /opt/spark/jars/jackson-annotations-2.6.7.jar
7f3ce6b2c000-7f3ce6b30000 r--s 00025000 08:01 417460                     /opt/spark/jars/jersey-client-2.22.2.jar
7f3ce6b30000-7f3ce6b9b000 r--s 0093d000 08:01 417683                     /opt/spark/jars/spire_2.11-0.13.0.jar
7f3ce6b9b000-7f3ce6b9e000 r--s 001d6000 08:01 417989                     /opt/spark/jars/snappy-java-1.1.7.5.jar
7f3ce6b9e000-7f3ce6bb7000 r--s 00150000 08:01 418115                     /opt/spark/jars/htrace-core-3.1.0-incubating.jar
7f3ce6bb7000-7f3ce6bb9000 r--s 0000f000 08:01 417766                     /opt/spark/jars/curator-client-2.7.1.jar
7f3ce6bb9000-7f3ce6bc3000 r--s 0007b000 08:01 418129                     /opt/spark/jars/hadoop-mapreduce-client-app-2.7.3.jar
7f3ce6bc3000-7f3ce6bde000 r--s 00131000 08:01 417443                     /opt/spark/jars/spark-hive_2.11-2.4.7.jar
7f3ce6bde000-7f3ce6be0000 r--s 00017000 08:01 417508                     /opt/spark/jars/hive-jdbc-1.2.1.spark2.jar
7f3ce6be0000-7f3ce6c0f000 r--s 001e4000 08:01 417641                     /opt/spark/jars/spark-streaming_2.11-2.4.7.jar
7f3ce6c0f000-7f3ce6c18000 r--s 00046000 08:01 418136                     /opt/spark/jars/jackson-dataformat-yaml-2.6.7.jar
7f3ce6c18000-7f3ce6c1b000 r--s 0000f000 08:01 417681                     /opt/spark/jars/commons-compiler-3.0.16.jar
7f3ce6c1b000-7f3ce6c1c000 r--s 00003000 08:01 417780                     /opt/spark/jars/generex-1.0.2.jar
7f3ce6c1c000-7f3ce6c24000 r--s 0005b000 08:01 417736                     /opt/spark/jars/univocity-parsers-2.7.3.jar
7f3ce6c24000-7f3ce6c26000 r--s 0000f000 08:01 417354                     /opt/spark/jars/activation-1.1.1.jar
7f3ce6c26000-7f3ce6c29000 r--s 00017000 08:01 417499                     /opt/spark/jars/jaxb-api-2.2.2.jar
7f3ce6c29000-7f3ce6c2d000 r--s 0001a000 08:01 418135                     /opt/spark/jars/metrics-core-3.1.5.jar
7f3ce6c2d000-7f3ce6c31000 r--s 00036000 08:01 418114                     /opt/spark/jars/ST4-4.0.4.jar
7f3ce6c31000-7f3ce6c45000 r--s 0016b000 08:01 417552                     /opt/spark/jars/orc-core-1.5.5-nohive.jar
7f3ce6c45000-7f3ce6c46000 r--s 00000000 08:01 417622                     /opt/spark/jars/macro-compat_2.11-1.1.1.jar
7f3ce6c46000-7f3ce6c53000 r--s 000a0000 08:01 417625                     /opt/spark/jars/spark-graphx_2.11-2.4.7.jar
7f3ce6c53000-7f3ce6cbe000 r--s 00784000 08:01 418064                     /opt/spark/jars/hadoop-hdfs-2.7.3.jar
7f3ce6cbe000-7f3ce6cc4000 r--s 0004c000 08:01 417700                     /opt/spark/jars/antlr4-runtime-4.7.jar
7f3ce6cc4000-7f3ce6cc6000 r--s 00009000 08:01 417720                     /opt/spark/jars/commons-cli-1.2.jar
7f3ce6cc6000-7f3ce6cce000 r--s 0006e000 08:01 417778                     /opt/spark/jars/commons-lang3-3.5.jar
7f3ce6cce000-7f3ce6cd5000 r--s 0003f000 08:01 417784                     /opt/spark/jars/commons-codec-1.10.jar
7f3ce6cd5000-7f3ce6cd9000 r--s 0003c000 08:01 417494                     /opt/spark/jars/jackson-core-2.6.7.jar
7f3ce6cd9000-7f3ce6cdb000 r--s 00020000 08:01 417526                     /opt/spark/jars/hive-beeline-1.2.1.spark2.jar
7f3ce6cdb000-7f3ce6cdc000 r--s 00004000 08:01 417776                     /opt/spark/jars/jackson-jaxrs-1.9.13.jar
7f3ce6cdc000-7f3ce6cde000 r--s 0000e000 08:01 417459                     /opt/spark/jars/oro-2.0.8.jar
7f3ce6cde000-7f3ce6ce2000 r--s 0002a000 08:01 418119                     /opt/spark/jars/breeze-macros_2.11-0.13.2.jar
7f3ce6ce2000-7f3ce6ce4000 r--s 0000e000 08:01 417748                     /opt/spark/jars/guice-servlet-3.0.jar
7f3ce6ce4000-7f3ce6d31000 r--s 0041c000 08:01 417737                     /opt/spark/jars/scala-reflect-2.11.12.jar
7f3ce6d31000-7f3ce6d34000 r--s 00025000 08:01 417749                     /opt/spark/jars/commons-dbcp-1.4.jar
7f3ce6d34000-7f3ce6d38000 r--s 00035000 08:01 417741                     /opt/spark/jars/jackson-core-asl-1.9.13.jar
7f3ce6d38000-7f3ce6d3d000 r--s 00041000 08:01 417544                     /opt/spark/jars/commons-lang-2.6.jar
7f3ce6d3d000-7f3ce6d4b000 r--s 000a3000 08:01 417640                     /opt/spark/jars/parquet-format-2.4.0.jar
7f3ce6d4b000-7f3ce6d4c000 r--s 00000000 08:01 417524                     /opt/spark/jars/kubernetes-model-common-4.6.1.jar
7f3ce6d4c000-7f3ce6d4e000 r--s 00000000 08:01 417742                     /opt/spark/jars/aopalliance-1.0.jar
7f3ce6d4e000-7f3ce6d59000 r--s 000c5000 08:01 417465                     /opt/spark/jars/parquet-encoding-1.10.1.jar
7f3ce6d59000-7f3ce6d5d000 r--s 00014000 08:01 418113                     /opt/spark/jars/parquet-common-1.10.1.jar
7f3ce6d5d000-7f3ce6d61000 r--s 0001a000 08:01 417616                     /opt/spark/jars/hk2-utils-2.4.0-b34.jar
7f3ce6d61000-7f3ce6d65000 r--s 00029000 08:01 417409                     /opt/spark/jars/hk2-locator-2.4.0-b34.jar
7f3ce6d65000-7f3ce6d6b000 r--s 00063000 08:01 417765                     /opt/spark/jars/jodd-core-3.5.2.jar
7f3ce6d6b000-7f3ce6d6d000 r--s 00005000 08:01 417724                     /opt/spark/jars/stax-api-1.0.1.jar
7f3ce6d6d000-7f3ce6d73000 r--s 00045000 08:01 418107                     /opt/spark/jars/commons-httpclient-3.1.jar
7f3ce6d73000-7f3ce6d79000 r--s 0003c000 08:01 417560                     /opt/spark/jars/snakeyaml-1.15.jar
7f3ce6d79000-7f3ce6d8b000 r--s 00112000 08:01 417600                     /opt/spark/jars/arpack_combined_all-0.1.jar
7f3ce6d8b000-7f3ce6daf000 r--s 001cd000 08:01 417676                     /opt/spark/jars/commons-math3-3.4.1.jar
7f3ce6daf000-7f3ce6db6000 r--s 00046000 08:01 417535                     /opt/spark/jars/libfb303-0.9.3.jar
7f3ce6db6000-7f3ce6dbc000 r--s 0002c000 08:01 417643                     /opt/spark/jars/jdo-api-3.0.1.jar
7f3ce6dbc000-7f3ce6dcd000 r--s 00097000 08:01 417745                     /opt/spark/jars/spark-mesos_2.11-2.4.7.jar
7f3ce6dcd000-7f3ce6dd2000 r--s 00035000 08:01 417693                     /opt/spark/jars/chill_2.11-0.9.3.jar
7f3ce6dd2000-7f3ce6dea000 r--s 00115000 08:01 418130                     /opt/spark/jars/xercesImpl-2.9.1.jar
7f3ce6dea000-7f3ce6e03000 r--s 0012c000 08:01 417753                     /opt/spark/jars/netty-3.9.9.Final.jar
7f3ce6e03000-7f3ce6e05000 r--s 0000b000 08:01 417727                     /opt/spark/jars/spark-unsafe_2.11-2.4.7.jar
7f3ce6e05000-7f3ce6e0d000 r--s 0003b000 08:01 417718                     /opt/spark/jars/curator-recipes-2.7.1.jar
7f3ce6e0d000-7f3ce6e0f000 r--s 00003000 08:01 417571                     /opt/spark/jars/api-asn1-api-1.0.0-M20.jar
7f3ce6e0f000-7f3ce6e1d000 r--s 000d5000 08:01 417467                     /opt/spark/jars/janino-3.0.16.jar
7f3ce6e1d000-7f3ce6e20000 r--s 00015000 08:01 417762                     /opt/spark/jars/javax.servlet-api-3.1.0.jar
7f3ce6e20000-7f3ce6e22000 r--s 0000e000 08:01 417731                     /opt/spark/jars/commons-logging-1.1.3.jar
7f3ce6e22000-7f3ce6e25000 r--s 0000f000 08:01 418110                     /opt/spark/jars/spark-network-shuffle_2.11-2.4.7.jar
7f3ce6e25000-7f3ce6e30000 r--s 000bc000 08:01 417754                     /opt/spark/jars/orc-mapreduce-1.5.5-nohive.jar
7f3ce6e30000-7f3ce6e33000 r--s 0001e000 08:01 418137                     /opt/spark/jars/avro-ipc-1.8.2.jar
7f3ce6e33000-7f3ce6e37000 r--s 00020000 08:01 417768                     /opt/spark/jars/commons-digester-1.8.jar
7f3ce6e37000-7f3ce6e38000 r--s 0000a000 08:01 417610                     /opt/spark/jars/apacheds-i18n-2.0.0-M15.jar
7f3ce6e38000-7f3ce6e3e000 r--s 00028000 08:01 417579                     /opt/spark/jars/curator-framework-2.7.1.jar
7f3ce6e3e000-7f3ce6e49000 r--s 00062000 08:01 417554                     /opt/spark/jars/calcite-linq4j-1.2.0-incubating.jar
7f3ce6e49000-7f3ce6e56000 r--s 00083000 08:01 417790                     /opt/spark/jars/commons-collections-3.2.2.jar
7f3ce6e56000-7f3ce6f14000 r--s 00912000 08:01 417723                     /opt/spark/jars/spark-catalyst_2.11-2.4.7.jar
7f3ce6f14000-7f3ce6f15000 ---p 00000000 00:00 0 
7f3ce6f15000-7f3ce7015000 rw-p 00000000 00:00 0 
7f3ce7015000-7f3ce7018000 ---p 00000000 00:00 0 
7f3ce7018000-7f3ce7116000 rw-p 00000000 00:00 0 
7f3ce7116000-7f3ce7117000 ---p 00000000 00:00 0 
7f3ce7117000-7f3ce711a000 ---p 00000000 00:00 0 
7f3ce711a000-7f3ce7217000 rw-p 00000000 00:00 0 
7f3ce7217000-7f3ce7218000 ---p 00000000 00:00 0 
7f3ce7218000-7f3ce721b000 ---p 00000000 00:00 0 
7f3ce721b000-7f3ce7318000 rw-p 00000000 00:00 0 
7f3ce7318000-7f3ce731b000 ---p 00000000 00:00 0 
7f3ce731b000-7f3ce7419000 rw-p 00000000 00:00 0 
7f3ce7419000-7f3ce76f7000 r--p 00000000 08:01 562522                     /usr/lib/locale/locale-archive
7f3ce76f7000-7f3ce76fa000 ---p 00000000 00:00 0 
7f3ce76fa000-7f3ce77f8000 rw-p 00000000 00:00 0 
7f3ce77f8000-7f3ce77fb000 ---p 00000000 00:00 0 
7f3ce77fb000-7f3ce78f9000 rw-p 00000000 00:00 0 
7f3ce78f9000-7f3ce78fa000 ---p 00000000 00:00 0 
7f3ce78fa000-7f3ce8000000 rw-p 00000000 00:00 0 
7f3ce8000000-7f3ce807e000 rw-p 00000000 00:00 0 
7f3ce807e000-7f3cec000000 ---p 00000000 00:00 0 
7f3cec000000-7f3cec008000 r--s 0005d000 08:01 417706                     /opt/spark/jars/kryo-shaded-4.0.2.jar
7f3cec008000-7f3cec010000 r--s 0007b000 08:01 417751                     /opt/spark/jars/protobuf-java-2.5.0.jar
7f3cec010000-7f3cec013000 r--s 00058000 08:01 417547                     /opt/spark/jars/lz4-java-1.4.0.jar
7f3cec013000-7f3cec015000 r--s 00014000 08:01 417761                     /opt/spark/jars/spire-macros_2.11-0.13.0.jar
7f3cec015000-7f3cec01c000 r--s 00049000 08:01 417703                     /opt/spark/jars/httpcore-4.4.10.jar
7f3cec01c000-7f3cec028000 r--s 00068000 08:01 417770                     /opt/spark/jars/scala-parser-combinators_2.11-1.1.0.jar
7f3cec028000-7f3cec035000 r--s 0009c000 08:01 417654                     /opt/spark/jars/json4s-core_2.11-3.5.3.jar
7f3cec035000-7f3cec03a000 r--s 0003e000 08:01 417680                     /opt/spark/jars/commons-net-3.1.jar
7f3cec03a000-7f3cec3ae000 rw-p 00000000 00:00 0 
7f3cec3ae000-7f3cec58a000 r--s 03e04000 08:01 567361                     /usr/local/java/jdk1.8.0_261/jre/lib/rt.jar
7f3cec58a000-7f3ced000000 rw-p 00000000 00:00 0 
7f3ced000000-7f3cede10000 rwxp 00000000 00:00 0 
7f3cede10000-7f3cfc000000 ---p 00000000 00:00 0 
7f3cfc000000-7f3cfe24b000 rw-p 00000000 00:00 0 
7f3cfe24b000-7f3d00000000 ---p 00000000 00:00 0 
7f3d00000000-7f3d00001000 r--s 00004000 08:01 417701                     /opt/spark/jars/osgi-resource-locator-1.0.1.jar
7f3d00001000-7f3d00004000 r--s 00016000 08:01 417738                     /opt/spark/jars/jsp-api-2.1.jar
7f3d00004000-7f3d00014000 r--s 00133000 08:01 417563                     /opt/spark/jars/arrow-vector-0.10.0.jar
7f3d00014000-7f3d02014000 rw-p 00000000 00:00 0 
7f3d02014000-7f3d02015000 ---p 00000000 00:00 0 
7f3d02015000-7f3d02115000 rw-p 00000000 00:00 0 
7f3d02115000-7f3d02116000 ---p 00000000 00:00 0 
7f3d02116000-7f3d02256000 rw-p 00000000 00:00 0 
7f3d02256000-7f3d0236c000 ---p 00000000 00:00 0 
7f3d0236c000-7f3d023ac000 rw-p 00000000 00:00 0 
7f3d023ac000-7f3d024c1000 ---p 00000000 00:00 0 
7f3d024c1000-7f3d02534000 rw-p 00000000 00:00 0 
7f3d02534000-7f3d0256c000 ---p 00000000 00:00 0 
7f3d0256c000-7f3d025a6000 rw-p 00000000 00:00 0 
7f3d025a6000-7f3d0292d000 ---p 00000000 00:00 0 
7f3d0292d000-7f3d02948000 r-xp 00000000 08:01 567322                     /usr/local/java/jdk1.8.0_261/jre/lib/amd64/libzip.so
7f3d02948000-7f3d02b47000 ---p 0001b000 08:01 567322                     /usr/local/java/jdk1.8.0_261/jre/lib/amd64/libzip.so
7f3d02b47000-7f3d02b48000 r--p 0001a000 08:01 567322                     /usr/local/java/jdk1.8.0_261/jre/lib/amd64/libzip.so
7f3d02b48000-7f3d02b49000 rw-p 0001b000 08:01 567322                     /usr/local/java/jdk1.8.0_261/jre/lib/amd64/libzip.so
7f3d02b49000-7f3d02b54000 r-xp 00000000 08:01 274965                     /lib/x86_64-linux-gnu/libnss_files-2.27.so
7f3d02b54000-7f3d02d53000 ---p 0000b000 08:01 274965                     /lib/x86_64-linux-gnu/libnss_files-2.27.so
7f3d02d53000-7f3d02d54000 r--p 0000a000 08:01 274965                     /lib/x86_64-linux-gnu/libnss_files-2.27.so
7f3d02d54000-7f3d02d55000 rw-p 0000b000 08:01 274965                     /lib/x86_64-linux-gnu/libnss_files-2.27.so
7f3d02d55000-7f3d02d5b000 rw-p 00000000 00:00 0 
7f3d02d5b000-7f3d02d72000 r-xp 00000000 08:01 274962                     /lib/x86_64-linux-gnu/libnsl-2.27.so
7f3d02d72000-7f3d02f71000 ---p 00017000 08:01 274962                     /lib/x86_64-linux-gnu/libnsl-2.27.so
7f3d02f71000-7f3d02f72000 r--p 00016000 08:01 274962                     /lib/x86_64-linux-gnu/libnsl-2.27.so
7f3d02f72000-7f3d02f73000 rw-p 00017000 08:01 274962                     /lib/x86_64-linux-gnu/libnsl-2.27.so
7f3d02f73000-7f3d02f75000 rw-p 00000000 00:00 0 
7f3d02f75000-7f3d02f80000 r-xp 00000000 08:01 274967                     /lib/x86_64-linux-gnu/libnss_nis-2.27.so
7f3d02f80000-7f3d0317f000 ---p 0000b000 08:01 274967                     /lib/x86_64-linux-gnu/libnss_nis-2.27.so
7f3d0317f000-7f3d03180000 r--p 0000a000 08:01 274967                     /lib/x86_64-linux-gnu/libnss_nis-2.27.so
7f3d03180000-7f3d03181000 rw-p 0000b000 08:01 274967                     /lib/x86_64-linux-gnu/libnss_nis-2.27.so
7f3d03181000-7f3d03189000 r-xp 00000000 08:01 274963                     /lib/x86_64-linux-gnu/libnss_compat-2.27.so
7f3d03189000-7f3d03389000 ---p 00008000 08:01 274963                     /lib/x86_64-linux-gnu/libnss_compat-2.27.so
7f3d03389000-7f3d0338a000 r--p 00008000 08:01 274963                     /lib/x86_64-linux-gnu/libnss_compat-2.27.so
7f3d0338a000-7f3d0338b000 rw-p 00009000 08:01 274963                     /lib/x86_64-linux-gnu/libnss_compat-2.27.so
7f3d0338b000-7f3d033b7000 r-xp 00000000 08:01 567333                     /usr/local/java/jdk1.8.0_261/jre/lib/amd64/libjava.so
7f3d033b7000-7f3d035b7000 ---p 0002c000 08:01 567333                     /usr/local/java/jdk1.8.0_261/jre/lib/amd64/libjava.so
7f3d035b7000-7f3d035b8000 r--p 0002c000 08:01 567333                     /usr/local/java/jdk1.8.0_261/jre/lib/amd64/libjava.so
7f3d035b8000-7f3d035ba000 rw-p 0002d000 08:01 567333                     /usr/local/java/jdk1.8.0_261/jre/lib/amd64/libjava.so
7f3d035ba000-7f3d035c7000 r-xp 00000000 08:01 567334                     /usr/local/java/jdk1.8.0_261/jre/lib/amd64/libverify.so
7f3d035c7000-7f3d037c6000 ---p 0000d000 08:01 567334                     /usr/local/java/jdk1.8.0_261/jre/lib/amd64/libverify.so
7f3d037c6000-7f3d037c8000 r--p 0000c000 08:01 567334                     /usr/local/java/jdk1.8.0_261/jre/lib/amd64/libverify.so
7f3d037c8000-7f3d037c9000 rw-p 0000e000 08:01 567334                     /usr/local/java/jdk1.8.0_261/jre/lib/amd64/libverify.so
7f3d037c9000-7f3d037d0000 r-xp 00000000 08:01 274972                     /lib/x86_64-linux-gnu/librt-2.27.so
7f3d037d0000-7f3d039cf000 ---p 00007000 08:01 274972                     /lib/x86_64-linux-gnu/librt-2.27.so
7f3d039cf000-7f3d039d0000 r--p 00006000 08:01 274972                     /lib/x86_64-linux-gnu/librt-2.27.so
7f3d039d0000-7f3d039d1000 rw-p 00007000 08:01 274972                     /lib/x86_64-linux-gnu/librt-2.27.so
7f3d039d1000-7f3d03b6e000 r-xp 00000000 08:01 274959                     /lib/x86_64-linux-gnu/libm-2.27.so
7f3d03b6e000-7f3d03d6d000 ---p 0019d000 08:01 274959                     /lib/x86_64-linux-gnu/libm-2.27.so
7f3d03d6d000-7f3d03d6e000 r--p 0019c000 08:01 274959                     /lib/x86_64-linux-gnu/libm-2.27.so
7f3d03d6e000-7f3d03d6f000 rw-p 0019d000 08:01 274959                     /lib/x86_64-linux-gnu/libm-2.27.so
7f3d03d6f000-7f3d04a63000 r-xp 00000000 08:01 567300                     /usr/local/java/jdk1.8.0_261/jre/lib/amd64/server/libjvm.so
7f3d04a63000-7f3d04c62000 ---p 00cf4000 08:01 567300                     /usr/local/java/jdk1.8.0_261/jre/lib/amd64/server/libjvm.so
7f3d04c62000-7f3d04cf8000 r--p 00cf3000 08:01 567300                     /usr/local/java/jdk1.8.0_261/jre/lib/amd64/server/libjvm.so
7f3d04cf8000-7f3d04d29000 rw-p 00d89000 08:01 567300                     /usr/local/java/jdk1.8.0_261/jre/lib/amd64/server/libjvm.so
7f3d04d29000-7f3d04d64000 rw-p 00000000 00:00 0 
7f3d04d64000-7f3d04f4b000 r-xp 00000000 08:01 274801                     /lib/x86_64-linux-gnu/libc-2.27.so
7f3d04f4b000-7f3d0514b000 ---p 001e7000 08:01 274801                     /lib/x86_64-linux-gnu/libc-2.27.so
7f3d0514b000-7f3d0514f000 r--p 001e7000 08:01 274801                     /lib/x86_64-linux-gnu/libc-2.27.so
7f3d0514f000-7f3d05151000 rw-p 001eb000 08:01 274801                     /lib/x86_64-linux-gnu/libc-2.27.so
7f3d05151000-7f3d05155000 rw-p 00000000 00:00 0 
7f3d05155000-7f3d05158000 r-xp 00000000 08:01 274958                     /lib/x86_64-linux-gnu/libdl-2.27.so
7f3d05158000-7f3d05357000 ---p 00003000 08:01 274958                     /lib/x86_64-linux-gnu/libdl-2.27.so
7f3d05357000-7f3d05358000 r--p 00002000 08:01 274958                     /lib/x86_64-linux-gnu/libdl-2.27.so
7f3d05358000-7f3d05359000 rw-p 00003000 08:01 274958                     /lib/x86_64-linux-gnu/libdl-2.27.so
7f3d05359000-7f3d05370000 r-xp 00000000 08:01 567327                     /usr/local/java/jdk1.8.0_261/jre/lib/amd64/jli/libjli.so
7f3d05370000-7f3d0556f000 ---p 00017000 08:01 567327                     /usr/local/java/jdk1.8.0_261/jre/lib/amd64/jli/libjli.so
7f3d0556f000-7f3d05570000 r--p 00016000 08:01 567327                     /usr/local/java/jdk1.8.0_261/jre/lib/amd64/jli/libjli.so
7f3d05570000-7f3d05571000 rw-p 00017000 08:01 567327                     /usr/local/java/jdk1.8.0_261/jre/lib/amd64/jli/libjli.so
7f3d05571000-7f3d0558b000 r-xp 00000000 08:01 274970                     /lib/x86_64-linux-gnu/libpthread-2.27.so
7f3d0558b000-7f3d0578a000 ---p 0001a000 08:01 274970                     /lib/x86_64-linux-gnu/libpthread-2.27.so
7f3d0578a000-7f3d0578b000 r--p 00019000 08:01 274970                     /lib/x86_64-linux-gnu/libpthread-2.27.so
7f3d0578b000-7f3d0578c000 rw-p 0001a000 08:01 274970                     /lib/x86_64-linux-gnu/libpthread-2.27.so
7f3d0578c000-7f3d05790000 rw-p 00000000 00:00 0 
7f3d05790000-7f3d057b7000 r-xp 00000000 08:01 274797                     /lib/x86_64-linux-gnu/ld-2.27.so
7f3d057b7000-7f3d057c4000 r--s 00071000 08:01 417714                     /opt/spark/jars/jackson-module-scala_2.11-2.6.7.1.jar
7f3d057c4000-7f3d0589d000 rw-p 00000000 00:00 0 
7f3d0589d000-7f3d0589e000 ---p 00000000 00:00 0 
7f3d0589e000-7f3d058a1000 ---p 00000000 00:00 0 
7f3d058a1000-7f3d059a2000 rw-p 00000000 00:00 0 
7f3d059a2000-7f3d059a5000 r--s 00015000 08:01 417532                     /opt/spark/jars/commons-pool-1.5.4.jar
7f3d059a5000-7f3d059a6000 r--s 00006000 08:01 417336                     /opt/spark/jars/hadoop-client-2.7.3.jar
7f3d059a6000-7f3d059a8000 r--s 00014000 08:01 418053                     /opt/spark/jars/okio-1.15.0.jar
7f3d059a8000-7f3d059aa000 r--s 00003000 08:01 417634                     /opt/spark/jars/jersey-container-servlet-2.22.2.jar
7f3d059aa000-7f3d059ad000 r--s 0000b000 08:01 417783                     /opt/spark/jars/objenesis-2.5.1.jar
7f3d059ad000-7f3d059b5000 rw-s 00000000 08:01 300712                     /tmp/hsperfdata_everth/2121
7f3d059b5000-7f3d059b6000 rw-p 00000000 00:00 0 
7f3d059b6000-7f3d059b7000 ---p 00000000 00:00 0 
7f3d059b7000-7f3d059b8000 r--p 00027000 08:01 274797                     /lib/x86_64-linux-gnu/ld-2.27.so
7f3d059b8000-7f3d059b9000 rw-p 00028000 08:01 274797                     /lib/x86_64-linux-gnu/ld-2.27.so
7f3d059b9000-7f3d059ba000 rw-p 00000000 00:00 0 
7ffd07e37000-7ffd07e58000 rw-p 00000000 00:00 0                          [stack]
7ffd07ff4000-7ffd07ff7000 r--p 00000000 00:00 0                          [vvar]
7ffd07ff7000-7ffd07ff9000 r-xp 00000000 00:00 0                          [vdso]
ffffffffff600000-ffffffffff601000 r-xp 00000000 00:00 0                  [vsyscall]

VM Arguments:
jvm_args: -Dscala.usejavacp=true -Xmx1g 
java_command: org.apache.spark.deploy.SparkSubmit --class org.apache.spark.repl.Main --name Spark shell spark-shell
java_class_path (initial): /opt/spark/conf/:/opt/spark/jars/objenesis-2.5.1.jar:/opt/spark/jars/jersey-container-servlet-2.22.2.jar:/opt/spark/jars/jackson-module-scala_2.11-2.6.7.1.jar:/opt/spark/jars/arrow-vector-0.10.0.jar:/opt/spark/jars/okio-1.15.0.jar:/opt/spark/jars/spark-catalyst_2.11-2.4.7.jar:/opt/spark/jars/hadoop-client-2.7.3.jar:/opt/spark/jars/commons-net-3.1.jar:/opt/spark/jars/commons-pool-1.5.4.jar:/opt/spark/jars/json4s-core_2.11-3.5.3.jar:/opt/spark/jars/scala-parser-combinators_2.11-1.1.0.jar:/opt/spark/jars/httpcore-4.4.10.jar:/opt/spark/jars/jsp-api-2.1.jar:/opt/spark/jars/spire-macros_2.11-0.13.0.jar:/opt/spark/jars/lz4-java-1.4.0.jar:/opt/spark/jars/protobuf-java-2.5.0.jar:/opt/spark/jars/commons-collections-3.2.2.jar:/opt/spark/jars/osgi-resource-locator-1.0.1.jar:/opt/spark/jars/kryo-shaded-4.0.2.jar:/opt/spark/jars/calcite-linq4j-1.2.0-incubating.jar:/opt/spark/jars/curator-framework-2.7.1.jar:/opt/spark/jars/apacheds-i18n-2.0.0-M15.jar:/opt/spark/jars/commons-digester-1.8.jar:/opt/spark/jars/avro-ipc-1.8.2.jar:/opt/spark/jars/orc-mapreduce-1.5.5-nohive.jar:/opt/spark/jars/spark-network-shuffle_2.11-2.4.7.jar:/opt/spark/jars/commons-logging-1.1.3.jar:/opt/spark/jars/javax.servlet-api-3.1.0.jar:/opt/spark/jars/janino-3.0.16.jar:/opt/spark/jars/api-asn1-api-1.0.0-M20.jar:/opt/spark/jars/curator-recipes-2.7.1.jar:/opt/spark/jars/spark-unsafe_2.11-2.4.7.jar:/opt/spark/jars/netty-3.9.9.Final.jar:/opt/spark/jars/xercesImpl-2.9.1.jar:/opt/spark/jars/chill_2.11-0.9.3.jar:/opt/spark/jars/spark-mesos_2.11-2.4.7.jar:/opt/spark/jars/jdo-api-3.0.1.jar:/opt/spark/jars/libfb303-0.9.3.jar:/opt/spark/jars/commons-math3-3.4.1.jar:/opt/spark/jars/arpack_combined_all-0.1.jar:/opt/spark/jars/snakeyaml-1.15.jar:/opt/spark/jars/commons-httpclient-3.1.jar:/opt/spark/jars/stax-api-1.0.1.jar:/opt/spark/jars/jodd-core-3.5.2.jar:/opt/spark/jars/hk2-locator-2.4.0-b34.jar:/opt/spark/jars/hk2-utils-2.4.0-b34.jar:/opt/spark/jars/parquet-common-1.10.1.jar:/opt/spark/jar
Launcher Type: SUN_STANDARD

Environment Variables:
PATH=/usr/local/sbin:/usr/local/bin:/usr/sbin:/usr/bin:/sbin:/bin:/usr/games:/usr/local/games:/snap/bin:/bin:/sbin:/opt/spark/bin:/opt/spark/sbin
SHELL=/bin/bash
DISPLAY=:0

Signal Handlers:
SIGSEGV: [libjvm.so+0xade140], sa_mask[0]=11111111011111111101111111111110, sa_flags=SA_RESTART|SA_SIGINFO
SIGBUS: [libjvm.so+0xade140], sa_mask[0]=11111111011111111101111111111110, sa_flags=SA_RESTART|SA_SIGINFO
SIGFPE: [libjvm.so+0x912c70], sa_mask[0]=11111111011111111101111111111110, sa_flags=SA_RESTART|SA_SIGINFO
SIGPIPE: [libjvm.so+0x912c70], sa_mask[0]=11111111011111111101111111111110, sa_flags=SA_RESTART|SA_SIGINFO
SIGXFSZ: [libjvm.so+0x912c70], sa_mask[0]=11111111011111111101111111111110, sa_flags=SA_RESTART|SA_SIGINFO
SIGILL: [libjvm.so+0x912c70], sa_mask[0]=11111111011111111101111111111110, sa_flags=SA_RESTART|SA_SIGINFO
SIGUSR1: SIG_DFL, sa_mask[0]=00000000000000000000000000000000, sa_flags=none
SIGUSR2: [libjvm.so+0x912b40], sa_mask[0]=00000000000000000000000000000000, sa_flags=SA_RESTART|SA_SIGINFO
SIGHUP: [libjvm.so+0x913160], sa_mask[0]=11111111011111111101111111111110, sa_flags=SA_RESTART|SA_SIGINFO
SIGINT: [libjvm.so+0x913160], sa_mask[0]=11111111011111111101111111111110, sa_flags=SA_RESTART|SA_SIGINFO
SIGTERM: [libjvm.so+0x913160], sa_mask[0]=11111111011111111101111111111110, sa_flags=SA_RESTART|SA_SIGINFO
SIGQUIT: [libjvm.so+0x913160], sa_mask[0]=11111111011111111101111111111110, sa_flags=SA_RESTART|SA_SIGINFO


---------------  S Y S T E M  ---------------

OS:DISTRIB_ID=Ubuntu
DISTRIB_RELEASE=18.04
DISTRIB_CODENAME=bionic
DISTRIB_DESCRIPTION="Ubuntu 18.04.5 LTS"

uname:Linux 4.15.0-118-generic #119-Ubuntu SMP Tue Sep 8 12:30:01 UTC 2020 x86_64
libc:glibc 2.27 NPTL 2.27 
rlimit: STACK 8192k, CORE 0k, NPROC 7795, NOFILE 1048576, AS infinity
load average:1.09 0.48 0.39

/proc/meminfo:
MemTotal:        2040792 kB
MemFree:           54124 kB
MemAvailable:        720 kB
Buffers:             392 kB
Cached:            78852 kB
SwapCached:        24824 kB
Active:          1385616 kB
Inactive:         469828 kB
Active(anon):    1374976 kB
Inactive(anon):   458360 kB
Active(file):      10640 kB
Inactive(file):    11468 kB
Unevictable:          64 kB
Mlocked:              64 kB
SwapTotal:        483800 kB
SwapFree:              0 kB
Dirty:                40 kB
Writeback:           420 kB
AnonPages:       1752016 kB
Mapped:            73484 kB
Shmem:             57056 kB
Slab:              48692 kB
SReclaimable:      21656 kB
SUnreclaim:        27036 kB
KernelStack:        9776 kB
PageTables:        34732 kB
NFS_Unstable:          0 kB
Bounce:                0 kB
WritebackTmp:          0 kB
CommitLimit:     1504196 kB
Committed_AS:    5679680 kB
VmallocTotal:   34359738367 kB
VmallocUsed:           0 kB
VmallocChunk:          0 kB
HardwareCorrupted:     0 kB
AnonHugePages:         0 kB
ShmemHugePages:        0 kB
ShmemPmdMapped:        0 kB
CmaTotal:              0 kB
CmaFree:               0 kB
HugePages_Total:       0
HugePages_Free:        0
HugePages_Rsvd:        0
HugePages_Surp:        0
Hugepagesize:       2048 kB
DirectMap4k:      112576 kB
DirectMap2M:     1984512 kB

container (cgroup) information:
container_type: cgroupv1
cpu_cpuset_cpus: 0-1
cpu_memory_nodes: 0
active_processor_count: 2
cpu_quota: -1
cpu_period: 100000
cpu_shares: -1
memory_limit_in_bytes: -1
memory_and_swap_limit_in_bytes: -2
memory_soft_limit_in_bytes: -1
memory_usage_in_bytes: 1884094464
memory_max_usage_in_bytes: 0


CPU:total 2 (initial active 2) (2 cores per cpu, 1 threads per core) family 6 model 158 stepping 10, cmov, cx8, fxsr, mmx, sse, sse2, sse3, ssse3, sse4.1, sse4.2, popcnt, avx, avx2, aes, clmul, 3dnowpref, lzcnt, tsc, tscinvbit

/proc/cpuinfo:
processor	: 0
vendor_id	: GenuineIntel
cpu family	: 6
model		: 158
model name	: Intel(R) Core(TM) i5-9300H CPU @ 2.40GHz
stepping	: 10
cpu MHz		: 2400.002
cache size	: 8192 KB
physical id	: 0
siblings	: 2
core id		: 0
cpu cores	: 2
apicid		: 0
initial apicid	: 0
fpu		: yes
fpu_exception	: yes
cpuid level	: 22
wp		: yes
flags		: fpu vme de pse tsc msr pae mce cx8 apic sep mtrr pge mca cmov pat pse36 clflush mmx fxsr sse sse2 ht syscall nx rdtscp lm constant_tsc rep_good nopl xtopology nonstop_tsc cpuid tsc_known_freq pni pclmulqdq ssse3 cx16 pcid sse4_1 sse4_2 x2apic movbe popcnt aes xsave avx rdrand hypervisor lahf_lm abm 3dnowprefetch invpcid_single pti fsgsbase avx2 invpcid rdseed clflushopt flush_l1d
bugs		: cpu_meltdown spectre_v1 spectre_v2 spec_store_bypass l1tf mds swapgs itlb_multihit srbds
bogomips	: 4800.00
clflush size	: 64
cache_alignment	: 64
address sizes	: 39 bits physical, 48 bits virtual
power management:

processor	: 1
vendor_id	: GenuineIntel
cpu family	: 6
model		: 158
model name	: Intel(R) Core(TM) i5-9300H CPU @ 2.40GHz
stepping	: 10
cpu MHz		: 2400.002
cache size	: 8192 KB
physical id	: 0
siblings	: 2
core id		: 1
cpu cores	: 2
apicid		: 1
initial apicid	: 1
fpu		: yes
fpu_exception	: yes
cpuid level	: 22
wp		: yes
flags		: fpu vme de pse tsc msr pae mce cx8 apic sep mtrr pge mca cmov pat pse36 clflush mmx fxsr sse sse2 ht syscall nx rdtscp lm constant_tsc rep_good nopl xtopology nonstop_tsc cpuid tsc_known_freq pni pclmulqdq ssse3 cx16 pcid sse4_1 sse4_2 x2apic movbe popcnt aes xsave avx rdrand hypervisor lahf_lm abm 3dnowprefetch invpcid_single pti fsgsbase avx2 invpcid rdseed clflushopt flush_l1d
bugs		: cpu_meltdown spectre_v1 spectre_v2 spec_store_bypass l1tf mds swapgs itlb_multihit srbds
bogomips	: 4800.00
clflush size	: 64
cache_alignment	: 64
address sizes	: 39 bits physical, 48 bits virtual
power management:



Memory: 4k page, physical 2040792k(53244k free), swap 483800k(4k free)

vm_info: Java HotSpot(TM) 64-Bit Server VM (25.261-b12) for linux-amd64 JRE (1.8.0_261-b12), built on Jun 17 2020 23:41:40 by "java_re" with gcc 7.3.0

time: Tue Oct 13 21:35:49 2020
timezone: PDT
elapsed time: 21 seconds (0d 0h 0m 21s)

